0 info it worked if it ends with ok
1 verbose cli [ '/Users/daryl/.nvm/v0.11.10/bin/node',
1 verbose cli   '/Users/daryl/.nvm/v0.11.10/bin/npm',
1 verbose cli   'install' ]
2 info using npm@1.3.22
3 info using node@v0.11.10
4 verbose readDependencies using package.json deps
5 verbose install where, deps [ '/Users/daryl/dev/weakio', [ 'moment', 'lodash', 'typogr' ] ]
6 info preinstall @
7 verbose readDependencies using package.json deps
8 verbose already installed skipping moment@2.3.x /Users/daryl/dev/weakio
9 verbose cache add [ 'lodash@1.4.x', null ]
10 verbose cache add name=undefined spec="lodash@1.4.x" args=["lodash@1.4.x",null]
11 verbose parsed url { protocol: null,
11 verbose parsed url   slashes: null,
11 verbose parsed url   auth: null,
11 verbose parsed url   host: null,
11 verbose parsed url   port: null,
11 verbose parsed url   hostname: null,
11 verbose parsed url   hash: null,
11 verbose parsed url   search: null,
11 verbose parsed url   query: null,
11 verbose parsed url   pathname: 'lodash@1.4.x',
11 verbose parsed url   path: 'lodash@1.4.x',
11 verbose parsed url   href: 'lodash@1.4.x' }
12 verbose cache add name="lodash" spec="1.4.x" args=["lodash","1.4.x"]
13 verbose parsed url { protocol: null,
13 verbose parsed url   slashes: null,
13 verbose parsed url   auth: null,
13 verbose parsed url   host: null,
13 verbose parsed url   port: null,
13 verbose parsed url   hostname: null,
13 verbose parsed url   hash: null,
13 verbose parsed url   search: null,
13 verbose parsed url   query: null,
13 verbose parsed url   pathname: '1.4.x',
13 verbose parsed url   path: '1.4.x',
13 verbose parsed url   href: '1.4.x' }
14 verbose addNamed [ 'lodash', '1.4.x' ]
15 verbose addNamed [ null, '>=1.4.0-0 <1.5.0-0' ]
16 verbose already installed skipping typogr@0.5.x /Users/daryl/dev/weakio
17 silly lockFile 71874ad1-lodash-1-4-x lodash@1.4.x
18 verbose lock lodash@1.4.x /Users/daryl/.npm/71874ad1-lodash-1-4-x.lock
19 silly addNameRange { name: 'lodash', range: '>=1.4.0-0 <1.5.0-0', hasData: false }
20 verbose url raw lodash
21 verbose url resolving [ 'https://registry.npmjs.org/', './lodash' ]
22 verbose url resolved https://registry.npmjs.org/lodash
23 info trying registry request attempt 1 at 15:21:26
24 verbose etag "BZCYUE2QJ5C23C1B5MS1CX95Y"
25 http GET https://registry.npmjs.org/lodash
26 http 200 https://registry.npmjs.org/lodash
27 silly registry.get cb [ 200,
27 silly registry.get   { date: 'Sat, 27 Sep 2014 22:21:26 GMT',
27 silly registry.get     server: 'CouchDB/1.5.0 (Erlang OTP/R16B03)',
27 silly registry.get     etag: '"3VHAKBVRPKQEDCIZ47ZV7NNUE"',
27 silly registry.get     'content-type': 'application/json',
27 silly registry.get     'cache-control': 'max-age=60',
27 silly registry.get     'content-length': '73276',
27 silly registry.get     'accept-ranges': 'bytes',
27 silly registry.get     via: '1.1 varnish',
27 silly registry.get     age: '2777',
27 silly registry.get     'x-served-by': 'cache-lax1431-LAX',
27 silly registry.get     'x-cache': 'HIT',
27 silly registry.get     'x-cache-hits': '1',
27 silly registry.get     'x-timer': 'S1411856486.315546,VS0,VE0',
27 silly registry.get     vary: 'Accept',
27 silly registry.get     connection: 'close' } ]
28 silly addNameRange number 2 { name: 'lodash', range: '>=1.4.0-0 <1.5.0-0', hasData: true }
29 silly addNameRange versions [ 'lodash',
29 silly addNameRange   [ '0.1.0',
29 silly addNameRange     '0.2.0',
29 silly addNameRange     '0.2.1',
29 silly addNameRange     '0.2.2',
29 silly addNameRange     '0.3.0',
29 silly addNameRange     '0.3.1',
29 silly addNameRange     '0.3.2',
29 silly addNameRange     '0.4.0',
29 silly addNameRange     '0.4.1',
29 silly addNameRange     '0.4.2',
29 silly addNameRange     '0.5.0-rc.1',
29 silly addNameRange     '0.5.0',
29 silly addNameRange     '0.5.1',
29 silly addNameRange     '0.5.2',
29 silly addNameRange     '0.6.0',
29 silly addNameRange     '0.6.1',
29 silly addNameRange     '0.7.0',
29 silly addNameRange     '0.8.0',
29 silly addNameRange     '0.8.1',
29 silly addNameRange     '0.8.2',
29 silly addNameRange     '0.9.0',
29 silly addNameRange     '0.9.1',
29 silly addNameRange     '0.9.2',
29 silly addNameRange     '0.10.0',
29 silly addNameRange     '1.0.0-rc.1',
29 silly addNameRange     '1.0.0-rc.2',
29 silly addNameRange     '1.0.0-rc.3',
29 silly addNameRange     '1.0.0',
29 silly addNameRange     '1.0.1',
29 silly addNameRange     '1.1.0',
29 silly addNameRange     '1.1.1',
29 silly addNameRange     '1.2.0',
29 silly addNameRange     '1.2.1',
29 silly addNameRange     '1.3.0',
29 silly addNameRange     '1.3.1',
29 silly addNameRange     '2.0.0',
29 silly addNameRange     '2.1.0',
29 silly addNameRange     '2.2.0',
29 silly addNameRange     '2.2.1',
29 silly addNameRange     '2.3.0',
29 silly addNameRange     '2.4.0',
29 silly addNameRange     '2.4.1' ] ]
30 silly lockFile 71874ad1-lodash-1-4-x lodash@1.4.x
31 silly lockFile 71874ad1-lodash-1-4-x lodash@1.4.x
32 error notarget No compatible version found: lodash@'>=1.4.0-0 <1.5.0-0'
32 error notarget Valid install targets:
32 error notarget ["0.1.0","0.2.0","0.2.1","0.2.2","0.3.0","0.3.1","0.3.2","0.4.0","0.4.1","0.4.2","0.5.0-rc.1","0.5.0","0.5.1","0.5.2","0.6.0","0.6.1","0.7.0","0.8.0","0.8.1","0.8.2","0.9.0","0.9.1","0.9.2","0.10.0","1.0.0-rc.1","1.0.0-rc.2","1.0.0-rc.3","1.0.0","1.0.1","1.1.0","1.1.1","1.2.0","1.2.1","1.3.0","1.3.1","2.0.0","2.1.0","2.2.0","2.2.1","2.3.0","2.4.0","2.4.1"]
32 error notarget
32 error notarget This is most likely not a problem with npm itself.
32 error notarget In most cases you or one of your dependencies are requesting
32 error notarget a package version that doesn't exist.
33 error System Darwin 13.4.0
34 error command "/Users/daryl/.nvm/v0.11.10/bin/node" "/Users/daryl/.nvm/v0.11.10/bin/npm" "install"
35 error cwd /Users/daryl/dev/weakio
36 error node -v v0.11.10
37 error npm -v 1.3.22
38 error code ETARGET
39 verbose exit [ 1, true ]
